bash: - : invalid option
Usage:	bash [GNU long option] [option] ...
	bash [GNU long option] [option] script-file ...
GNU long options:
	--debug
	--debugger
	--dump-po-strings
	--dump-strings
	--help
	--init-file
	--login
	--noediting
	--noprofile
	--norc
	--posix
	--pretty-print
	--rcfile
	--restricted
	--verbose
	--version
Shell options:
	-ilrsD or -c command or -O shopt_option		(invocation only)
	-abefhkmnptuvxBCHP or -o option

> react-demo@0.1.0 start /home/decoders/react/react-demo
> react-scripts start

(node:16219) [DEP_WEBPACK_DEV_SERVER_ON_AFTER_SETUP_MIDDLEWARE] DeprecationWarning: 'onAfterSetupMiddleware' option is deprecated. Please use the 'setupMiddlewares' option.
(Use `node --trace-deprecation ...` to show where the warning was created)
(node:16219) [DEP_WEBPACK_DEV_SERVER_ON_BEFORE_SETUP_MIDDLEWARE] DeprecationWarning: 'onBeforeSetupMiddleware' option is deprecated. Please use the 'setupMiddlewares' option.
Starting the development server...

Compiled successfully!

You can now view react-demo in the browser.

  Local:            http://localhost:3000
  On Your Network:  http://192.168.1.58:3000

Note that the development build is not optimized.
To create a production build, use npm run build.

webpack compiled successfully
